


ARM Macro Assembler    Page 1 


    1 00000000         
    2 00000000                 AREA             |.rodata|, DATA, READONLY
    3 00000000         
    4 00000000                 EXPORT           list_A
    5 00000000                 EXPORT           list_B
    6 00000000         
    7 00000000         list_A
    8 00000000 00000002        DCD              0x2         ; length 
    9 00000004 00000000        DCD              steps_A
   10 00000008         steps_A
   11 00000008 00000080        DCD              0x80        ; position_right
   12 0000000C 00000040        DCD              0x40        ; position left, we
                                                             can put negative v
                                                            alue
   13 00000010 00000064        DCD              100         ; speed right
   14 00000014 00000032        DCD              50          ; speed left
   15 00000018         
   16 00000018 00000080        DCD              0x80        ; position_right
   17 0000001C 00000040        DCD              0x40        ; position left, we
                                                             can put negative v
                                                            alue
   18 00000020 00000064        DCD              100         ; speed right
   19 00000024 00000032        DCD              50          ; speed left
   20 00000028         
   21 00000028         list_B
   22 00000028 00000002        DCD              0x2
   23 0000002C 00000000        DCD              steps_B
   24 00000030         steps_B
   25 00000030 00000080        DCD              0x80        ; position_right
   26 00000034 00000080        DCD              0x80        ; position left, we
                                                             can put negative v
                                                            alue
   27 00000038 00000064        DCD              100         ; speed right
   28 0000003C 00000064        DCD              100         ; speed left
   29 00000040         
   30 00000040 00000080        DCD              0x80        ; position_right
   31 00000044 00000080        DCD              0x80        ; position left, we
                                                             can put negative v
                                                            alue
   32 00000048 00000064        DCD              100         ; speed right
   33 0000004C 00000064        DCD              100         ; speed left
                       
Command Line: --debug --xref --diag_suppress=9931 --cpu=Cortex-M3 --apcs=interw
ork --depend=.\objects\definitions.d -o.\objects\definitions.o -I.\RTE\_Target_
1 -IC:\Users\Yakov\AppData\Local\Arm\Packs\ARM\CMSIS\5.5.1\CMSIS\Core\Include -
IC:\Users\Yakov\AppData\Local\Arm\Packs\ARM\CMSIS\5.5.1\Device\ARM\ARMCM3\Inclu
de --predefine="__EVAL SETA 1" --predefine="__MICROLIB SETA 1" --predefine="__U
VISION_VERSION SETA 528" --predefine="_RTE_ SETA 1" --predefine="ARMCM3 SETA 1"
 --list=.\listings\definitions.lst Definitions.s



ARM Macro Assembler    Page 1 Alphabetic symbol ordering
Relocatable symbols

.rodata 00000000

Symbol: .rodata
   Definitions
      At line 2 in file Definitions.s
   Uses
      None
Comment: .rodata unused
list_A 00000000

Symbol: list_A
   Definitions
      At line 7 in file Definitions.s
   Uses
      At line 4 in file Definitions.s
Comment: list_A used once
list_B 00000028

Symbol: list_B
   Definitions
      At line 21 in file Definitions.s
   Uses
      At line 5 in file Definitions.s
Comment: list_B used once
steps_A 00000008

Symbol: steps_A
   Definitions
      At line 10 in file Definitions.s
   Uses
      At line 9 in file Definitions.s
Comment: steps_A used once
steps_B 00000030

Symbol: steps_B
   Definitions
      At line 24 in file Definitions.s
   Uses
      At line 23 in file Definitions.s
Comment: steps_B used once
5 symbols
340 symbols in table
