


ARM Macro Assembler    Page 1 


    1 00000000         
    2 00000000 00000040 
                       BROCHE6 EQU              0x40        ; bouton poussoir 1
                                                            
    3 00000000 00000080 
                       BROCHE7 EQU              0x80        ; bouton poussoir 2
                                                            
    4 00000000         ; The GPIODATA register is the data register
    5 00000000 40007000 
                       GPIO_PORTD_BASE
                               EQU              0x40007000  ; GPIO Port D (APB)
                                                             base: 0x4000.7000 
                                                            (p416 datasheet de 
                                                            lm3s9B92.pdf)
    6 00000000         
    7 00000000         ; Pul_up
    8 00000000 00000510 
                       GPIO_I_PUR
                               EQU              0x00000510  ; GPIO Pull-Up (p43
                                                            2 datasheet de lm3s
                                                            9B92.pdf)
    9 00000000         
   10 00000000         ; Digital enable register
   11 00000000         ; To use the pin as a digital input or output, the corre
                       sponding GPIODEN bit must be set.
   12 00000000 0000051C 
                       GPIO_O_DEN
                               EQU              0x0000051C  ; GPIO Digital Enab
                                                            le (p437 datasheet 
                                                            de lm3s9B92.pdf)
   13 00000000         
   14 00000000 00000410 
                       GPIOIM_OFFSET
                               EQU              0x410
   15 00000000         
   16 00000000         
   17 00000000                 AREA             |.text|, CODE, READONLY
   18 00000000                 ENTRY
   19 00000000         
   20 00000000                 EXPORT           BOUTON_INIT
   21 00000000         
   22 00000000         BOUTON_INIT
   23 00000000         ; pve switrh up (first)
   24 00000000 4E0C            ldr              r6, = GPIO_PORTD_BASE+GPIO_I_PU
R
   25 00000002 F04F 0040       ldr              r0, = BROCHE6
   26 00000006 6030            str              r0, [r6]
   27 00000008         
   28 00000008 4E0B            ldr              r6, = GPIO_PORTD_BASE+GPIO_O_DE
N
   29 0000000A F04F 0040       ldr              r0, = BROCHE6
   30 0000000E 6030            str              r0, [r6]
   31 00000010         
   32 00000010 4E0A            ldr              r6, = GPIO_PORTD_BASE+(BROCHE6<
<2)
   33 00000012         
   34 00000012         ; pve swiwth bottom (second)
   35 00000012 4F08            ldr              r7, = GPIO_PORTD_BASE+GPIO_I_PU
R



ARM Macro Assembler    Page 2 


   36 00000014 6838            ldr              r0, [r7]
   37 00000016 F040 0080       orr              r0, r0, #BROCHE7
   38 0000001A 6038            str              r0, [r7]
   39 0000001C         
   40 0000001C 4F06            ldr              r7, = GPIO_PORTD_BASE+GPIO_O_DE
N
   41 0000001E 6838            ldr              r0, [r7]
   42 00000020 F040 0080       orr              r0, r0, #BROCHE7
   43 00000024 6038            str              r0, [r7]
   44 00000026         
   45 00000026 4F06            ldr              r7, = GPIO_PORTD_BASE+(BROCHE7<
<2)
   46 00000028         
   47 00000028         
   48 00000028 4D06            ldr              r5, = GPIO_PORTD_BASE+GPIOIM_OF
FSET
   49 0000002A 6828            ldr              r0, [r5]
   50 0000002C F040 00C0       orr              r0, r0, #0xC0
   51 00000030 6028            str              r0, [r5]
   52 00000032         
   53 00000032         
   54 00000032         
   55 00000032 4770            BX               LR          ; FIN du sous progr
                                                            amme d'init.
   56 00000034                 END
              40007510 
              4000751C 
              40007100 
              40007200 
              40007410 
Command Line: --debug --xref --diag_suppress=9931 --cpu=Cortex-M3 --apcs=interw
ork --depend=.\objects\rk_config_boutons.d -o.\objects\rk_config_boutons.o -I.\
RTE\_Target_1 -IC:\Users\Yakov\AppData\Local\Arm\Packs\ARM\CMSIS\5.5.1\CMSIS\Co
re\Include -IC:\Users\Yakov\AppData\Local\Arm\Packs\ARM\CMSIS\5.5.1\Device\ARM\
ARMCM3\Include --predefine="__EVAL SETA 1" --predefine="__MICROLIB SETA 1" --pr
edefine="__UVISION_VERSION SETA 528" --predefine="_RTE_ SETA 1" --predefine="AR
MCM3 SETA 1" --list=.\listings\rk_config_boutons.lst RK_Config_Boutons.s



ARM Macro Assembler    Page 1 Alphabetic symbol ordering
Relocatable symbols

.text 00000000

Symbol: .text
   Definitions
      At line 17 in file RK_Config_Boutons.s
   Uses
      None
Comment: .text unused
BOUTON_INIT 00000000

Symbol: BOUTON_INIT
   Definitions
      At line 22 in file RK_Config_Boutons.s
   Uses
      At line 20 in file RK_Config_Boutons.s
Comment: BOUTON_INIT used once
2 symbols



ARM Macro Assembler    Page 1 Alphabetic symbol ordering
Absolute symbols

BROCHE6 00000040

Symbol: BROCHE6
   Definitions
      At line 2 in file RK_Config_Boutons.s
   Uses
      At line 25 in file RK_Config_Boutons.s
      At line 29 in file RK_Config_Boutons.s
      At line 32 in file RK_Config_Boutons.s

BROCHE7 00000080

Symbol: BROCHE7
   Definitions
      At line 3 in file RK_Config_Boutons.s
   Uses
      At line 37 in file RK_Config_Boutons.s
      At line 42 in file RK_Config_Boutons.s
      At line 45 in file RK_Config_Boutons.s

GPIOIM_OFFSET 00000410

Symbol: GPIOIM_OFFSET
   Definitions
      At line 14 in file RK_Config_Boutons.s
   Uses
      At line 48 in file RK_Config_Boutons.s
Comment: GPIOIM_OFFSET used once
GPIO_I_PUR 00000510

Symbol: GPIO_I_PUR
   Definitions
      At line 8 in file RK_Config_Boutons.s
   Uses
      At line 24 in file RK_Config_Boutons.s
      At line 35 in file RK_Config_Boutons.s

GPIO_O_DEN 0000051C

Symbol: GPIO_O_DEN
   Definitions
      At line 12 in file RK_Config_Boutons.s
   Uses
      At line 28 in file RK_Config_Boutons.s
      At line 40 in file RK_Config_Boutons.s

GPIO_PORTD_BASE 40007000

Symbol: GPIO_PORTD_BASE
   Definitions
      At line 5 in file RK_Config_Boutons.s
   Uses
      At line 24 in file RK_Config_Boutons.s
      At line 28 in file RK_Config_Boutons.s
      At line 32 in file RK_Config_Boutons.s
      At line 35 in file RK_Config_Boutons.s
      At line 40 in file RK_Config_Boutons.s
      At line 45 in file RK_Config_Boutons.s
      At line 48 in file RK_Config_Boutons.s



ARM Macro Assembler    Page 2 Alphabetic symbol ordering
Absolute symbols


6 symbols
345 symbols in table
