


ARM Macro Assembler    Page 1 


    1 00000000         
    2 00000000         ; Broches select
    3 00000000 00000030 
                       BROCHE4_5
                               EQU              0x30        ; led1 & led2 sur b
                                                            roche 4 et 5
    4 00000000         
    5 00000000         ; blinking frequency
    6 00000000 002FFFFF 
                       DUREE   EQU              0x002FFFFF
    7 00000000         ; The GPIODATA register is the data register
    8 00000000 40025000 
                       GPIO_PORTF_BASE
                               EQU              0x40025000  ; GPIO Port F (APB)
                                                             base: 0x4002.5000 
                                                            (p416 datasheet de 
                                                            lm3s9B92.pdf)
    9 00000000         
   10 00000000         ; configure the corresponding pin to be an output
   11 00000000         ; all GPIO pins are inputs by default
   12 00000000 00000400 
                       GPIO_O_DIR
                               EQU              0x00000400  ; GPIO Direction (p
                                                            417 datasheet de lm
                                                            3s9B92.pdf)
   13 00000000         
   14 00000000         ; The GPIODR2R register is the 2-mA drive control regist
                       er
   15 00000000         ; By default, all GPIO pins have 2-mA drive.
   16 00000000 00000500 
                       GPIO_O_DR2R
                               EQU              0x00000500  ; GPIO 2-mA Drive S
                                                            elect (p428 datashe
                                                            et de lm3s9B92.pdf)
                                                            
   17 00000000         
   18 00000000         ; Digital enable register
   19 00000000         ; To use the pin as a digital input or output, the corre
                       sponding GPIODEN bit must be set.
   20 00000000 0000051C 
                       GPIO_O_DEN
                               EQU              0x0000051C  ; GPIO Digital Enab
                                                            le (p437 datasheet 
                                                            de lm3s9B92.pdf)
   21 00000000         
   22 00000000 00000010 
                       LED1_BIT
                               EQU              0x10        ; bit 4 alone (bina
                                                            ry 0001 0000)
   23 00000000 00000020 
                       LED2_BIT
                               EQU              0x20        ; bit 5 alone
   24 00000000         
   25 00000000         
   26 00000000                 AREA             |.text|, CODE, READONLY
   27 00000000                 ENTRY
   28 00000000         
   29 00000000                 EXPORT           LED_INIT
   30 00000000                 EXPORT           LED_CLIGNOTTEMENT



ARM Macro Assembler    Page 2 


   31 00000000                 EXPORT           LED1_ON
   32 00000000         
   33 00000000         
   34 00000000         LED_INIT
   35 00000000         ;^^^^^^^^^^^^^^^^^^^^^^^^^^^^^^CONFIGURATION LED
   36 00000000         
   37 00000000 4E13            ldr              r6, = GPIO_PORTF_BASE+GPIO_O_DI
R 
                                                            ;; 1 Pin du portF e
                                                            n sortie (broche 4 
                                                            : 00010000)
   38 00000002 F04F 0030       ldr              r0, = BROCHE4_5
   39 00000006 6030            str              r0, [r6]
   40 00000008         
   41 00000008 4E12            ldr              r6, = GPIO_PORTF_BASE+GPIO_O_DE
N 
                                                            ;; Enable Digital F
                                                            unction 
   42 0000000A F04F 0030       ldr              r0, = BROCHE4_5
   43 0000000E 6030            str              r0, [r6]
   44 00000010         
   45 00000010 4E11            ldr              r6, = GPIO_PORTF_BASE+GPIO_O_DR
2R 
                                                            ;; Choix de l'inten
                                                            sité de sortie (2mA
                                                            )
   46 00000012 F04F 0030       ldr              r0, = BROCHE4_5
   47 00000016 6030            str              r0, [r6]
   48 00000018         
   49 00000018 F04F 0200       mov              r2, #0x000  ;; pour eteindre LE
                                                            D
   50 0000001C         
   51 0000001C         ; allumer la led broche 4 (BROCHE4_5)
   52 0000001C F04F 0330       mov              r3, #BROCHE4_5 ;; Allume LED1&2
                                                             portF broche 4&5 :
                                                             00110000
   53 00000020         
   54 00000020 4E0E            ldr              r6, = GPIO_PORTF_BASE + (BROCHE
4_5<<2) 
                                                            ;; @data Register =
                                                             @base + (mask<<2) 
                                                            ==> LED1
   55 00000022         ;vvvvvvvvvvvvvvvvvvvvvvvFin configuration LED 
   56 00000022 4770            BX               LR          ; FIN du sous progr
                                                            amme d'init.
   57 00000024         
   58 00000024         
   59 00000024         LED1_ON
   60 00000024         ; r6 will hold the address of the masked Port F Data reg
                       ister for bit 4.
   61 00000024         ;    "Masked" address = GPIO_PORTF_BASE + (bit_mask << 2
                       ).
   62 00000024 4E0E            ldr              r6, =GPIO_PORTF_BASE + (LED1_BI
T << 2)
   63 00000026         
   64 00000026         ; r0 will hold the value we want to write (0x10).
   65 00000026 F04F 0010       mov              r0, #LED1_BIT
   66 0000002A         
   67 0000002A         ; Write to the masked register => turns PF4 on.



ARM Macro Assembler    Page 3 


   68 0000002A 6030            str              r0, [r6]
   69 0000002C         
   70 0000002C         ; Return
   71 0000002C 4770            BX               LR
   72 0000002E         
   73 0000002E         
   74 0000002E         
   75 0000002E         LED_CLIGNOTTEMENT
   76 0000002E         ;^^^^^^^^^^^^^^^^^^^^^^^^^^^^^^CLIGNOTTEMENT
   77 0000002E         
   78 0000002E 6033            str              r3, [r6]    ;; Allume LED1&2 po
                                                            rtF broche 4&5 : 00
                                                            110000 (contenu de 
                                                            r3)
   79 00000030         
   80 00000030         ReadState
   81 00000030         
   82 00000030 F8D7 A000       ldr              r10,[r7]
   83 00000034 F1BA 0F00       CMP              r10,#0x00
   84 00000038 D1FA            BNE              ReadState
   85 0000003A         
   86 0000003A         loop
   87 0000003A 6032            str              r2, [r6]    ;; Eteint LED car r
                                                            2 = 0x00      
   88 0000003C 4909            ldr              r1, = DUREE ;; pour la duree de
                                                             la boucle d'attent
                                                            e1 (wait1)
   89 0000003E         
   90 0000003E 3901    wait1   subs             r1, #1
   91 00000040 D1FD            bne              wait1
   92 00000042         
   93 00000042 6033            str              r3, [r6]    ;; Allume LED1&2 po
                                                            rtF broche 4&5 : 00
                                                            110000 (contenu de 
                                                            r3)
   94 00000044 4907            ldr              r1, = DUREE ;; pour la duree de
                                                             la boucle d'attent
                                                            e2 (wait2)
   95 00000046         
   96 00000046 3901    wait2   subs             r1, #1
   97 00000048 D1FD            bne              wait2
   98 0000004A         
   99 0000004A E7F6            b                loop
  100 0000004C         
  101 0000004C 4770            BX               LR          ; FIN du sous progr
                                                            amme d'init.
  102 0000004E         
  103 0000004E BF00            nop
  104 00000050                 END
              40025400 
              4002551C 
              40025500 
              400250C0 
              40025040 
              002FFFFF 
Command Line: --debug --xref --diag_suppress=9931 --cpu=Cortex-M3 --apcs=interw
ork --depend=.\objects\rk_config_leds.d -o.\objects\rk_config_leds.o -I.\RTE\_T
arget_1 -IC:\Users\Yakov\AppData\Local\Arm\Packs\ARM\CMSIS\5.5.1\CMSIS\Core\Inc
lude -IC:\Users\Yakov\AppData\Local\Arm\Packs\ARM\CMSIS\5.5.1\Device\ARM\ARMCM3



ARM Macro Assembler    Page 4 


\Include --predefine="__EVAL SETA 1" --predefine="__MICROLIB SETA 1" --predefin
e="__UVISION_VERSION SETA 528" --predefine="_RTE_ SETA 1" --predefine="ARMCM3 S
ETA 1" --list=.\listings\rk_config_leds.lst RK_Config_Leds.s



ARM Macro Assembler    Page 1 Alphabetic symbol ordering
Relocatable symbols

.text 00000000

Symbol: .text
   Definitions
      At line 26 in file RK_Config_Leds.s
   Uses
      None
Comment: .text unused
LED1_ON 00000024

Symbol: LED1_ON
   Definitions
      At line 59 in file RK_Config_Leds.s
   Uses
      At line 31 in file RK_Config_Leds.s
Comment: LED1_ON used once
LED_CLIGNOTTEMENT 0000002E

Symbol: LED_CLIGNOTTEMENT
   Definitions
      At line 75 in file RK_Config_Leds.s
   Uses
      At line 30 in file RK_Config_Leds.s
Comment: LED_CLIGNOTTEMENT used once
LED_INIT 00000000

Symbol: LED_INIT
   Definitions
      At line 34 in file RK_Config_Leds.s
   Uses
      At line 29 in file RK_Config_Leds.s
Comment: LED_INIT used once
ReadState 00000030

Symbol: ReadState
   Definitions
      At line 80 in file RK_Config_Leds.s
   Uses
      At line 84 in file RK_Config_Leds.s
Comment: ReadState used once
loop 0000003A

Symbol: loop
   Definitions
      At line 86 in file RK_Config_Leds.s
   Uses
      At line 99 in file RK_Config_Leds.s
Comment: loop used once
wait1 0000003E

Symbol: wait1
   Definitions
      At line 90 in file RK_Config_Leds.s
   Uses
      At line 91 in file RK_Config_Leds.s
Comment: wait1 used once
wait2 00000046

Symbol: wait2



ARM Macro Assembler    Page 2 Alphabetic symbol ordering
Relocatable symbols

   Definitions
      At line 96 in file RK_Config_Leds.s
   Uses
      At line 97 in file RK_Config_Leds.s
Comment: wait2 used once
8 symbols



ARM Macro Assembler    Page 1 Alphabetic symbol ordering
Absolute symbols

BROCHE4_5 00000030

Symbol: BROCHE4_5
   Definitions
      At line 3 in file RK_Config_Leds.s
   Uses
      At line 38 in file RK_Config_Leds.s
      At line 42 in file RK_Config_Leds.s
      At line 46 in file RK_Config_Leds.s
      At line 52 in file RK_Config_Leds.s
      At line 54 in file RK_Config_Leds.s

DUREE 002FFFFF

Symbol: DUREE
   Definitions
      At line 6 in file RK_Config_Leds.s
   Uses
      At line 88 in file RK_Config_Leds.s
      At line 94 in file RK_Config_Leds.s

GPIO_O_DEN 0000051C

Symbol: GPIO_O_DEN
   Definitions
      At line 20 in file RK_Config_Leds.s
   Uses
      At line 41 in file RK_Config_Leds.s
Comment: GPIO_O_DEN used once
GPIO_O_DIR 00000400

Symbol: GPIO_O_DIR
   Definitions
      At line 12 in file RK_Config_Leds.s
   Uses
      At line 37 in file RK_Config_Leds.s
Comment: GPIO_O_DIR used once
GPIO_O_DR2R 00000500

Symbol: GPIO_O_DR2R
   Definitions
      At line 16 in file RK_Config_Leds.s
   Uses
      At line 45 in file RK_Config_Leds.s
Comment: GPIO_O_DR2R used once
GPIO_PORTF_BASE 40025000

Symbol: GPIO_PORTF_BASE
   Definitions
      At line 8 in file RK_Config_Leds.s
   Uses
      At line 37 in file RK_Config_Leds.s
      At line 41 in file RK_Config_Leds.s
      At line 45 in file RK_Config_Leds.s
      At line 54 in file RK_Config_Leds.s
      At line 62 in file RK_Config_Leds.s

LED1_BIT 00000010




ARM Macro Assembler    Page 2 Alphabetic symbol ordering
Absolute symbols

Symbol: LED1_BIT
   Definitions
      At line 22 in file RK_Config_Leds.s
   Uses
      At line 62 in file RK_Config_Leds.s
      At line 65 in file RK_Config_Leds.s

LED2_BIT 00000020

Symbol: LED2_BIT
   Definitions
      At line 23 in file RK_Config_Leds.s
   Uses
      None
Comment: LED2_BIT unused
8 symbols
353 symbols in table
