


ARM Macro Assembler    Page 1 


    1 00000000         ;/******************************************************
                       ********************//**
    2 00000000         ; * @file     startup_ARMCM3.s
    3 00000000         ; * @brief    CMSIS Core Device Startup File for
    4 00000000         ; *           ARMCM3 Device
    5 00000000         ; * @version  V5.4.0
    6 00000000         ; * @date     12. December 2018
    7 00000000         ; ******************************************************
                       ************************/
    8 00000000         ;/*
    9 00000000         ; * Copyright (c) 2009-2018 Arm Limited. All rights rese
                       rved.
   10 00000000         ; *
   11 00000000         ; * SPDX-License-Identifier: Apache-2.0
   12 00000000         ; *
   13 00000000         ; * Licensed under the Apache License, Version 2.0 (the 
                       License); you may
   14 00000000         ; * not use this file except in compliance with the Lice
                       nse.
   15 00000000         ; * You may obtain a copy of the License at
   16 00000000         ; *
   17 00000000         ; * www.apache.org/licenses/LICENSE-2.0
   18 00000000         ; *
   19 00000000         ; * Unless required by applicable law or agreed to in wr
                       iting, software
   20 00000000         ; * distributed under the License is distributed on an A
                       S IS BASIS, WITHOUT
   21 00000000         ; * WARRANTIES OR CONDITIONS OF ANY KIND, either express
                        or implied.
   22 00000000         ; * See the License for the specific language governing 
                       permissions and
   23 00000000         ; * limitations under the License.
   24 00000000         ; */
   25 00000000         
   26 00000000         ;//-------- <<< Use Configuration Wizard in Context Menu
                        >>> ------------------
   27 00000000         
   28 00000000         
   29 00000000         ;<h> Stack Configuration
   30 00000000         ;  <o> Stack Size (in Bytes) <0x0-0xFFFFFFFF:8>
   31 00000000         ;</h>
   32 00000000         
   33 00000000 00000400 
                       Stack_Size
                               EQU              0x00000400
   34 00000000         
   35 00000000                 AREA             STACK, NOINIT, READWRITE, ALIGN
=3
   36 00000000         __stack_limit
   37 00000000         Stack_Mem
                               SPACE            Stack_Size
   38 00000400         __initial_sp
   39 00000400         
   40 00000400         
   41 00000400         ;<h> Heap Configuration
   42 00000400         ;  <o> Heap Size (in Bytes) <0x0-0xFFFFFFFF:8>
   43 00000400         ;</h>
   44 00000400         
   45 00000400 00000C00 



ARM Macro Assembler    Page 2 


                       Heap_Size
                               EQU              0x00000C00
   46 00000400         
   47 00000400                 IF               Heap_Size != 0 
                                                            ; Heap is provided
   48 00000400                 AREA             HEAP, NOINIT, READWRITE, ALIGN=
3
   49 00000000         __heap_base
   50 00000000         Heap_Mem
                               SPACE            Heap_Size
   51 00000C00         __heap_limit
   52 00000C00                 ENDIF
   53 00000C00         
   54 00000C00         
   55 00000C00                 PRESERVE8
   56 00000C00                 THUMB
   57 00000C00         
   58 00000C00         
   59 00000C00         ; Vector Table Mapped to Address 0 at Reset
   60 00000C00         
   61 00000C00                 AREA             RESET, DATA, READONLY
   62 00000000                 EXPORT           __Vectors
   63 00000000                 EXPORT           __Vectors_End
   64 00000000                 EXPORT           __Vectors_Size
   65 00000000                 IMPORT           INTERRUPT_HANDLER_0
   66 00000000                 IMPORT           INTERRUPT_HANDLER_1
   67 00000000                 IMPORT           PORTD_INTERRUPT_HANDLER
   68 00000000         
   69 00000000 00000000 
                       __Vectors
                               DCD              __initial_sp ;     Top of Stack
                                                            
   70 00000004 00000000        DCD              Reset_Handler 
                                                            ;     Reset Handler
                                                            
   71 00000008 00000000        DCD              NMI_Handler ; -14 NMI Handler
   72 0000000C 00000000        DCD              HardFault_Handler ; -13 Hard Fa
                                                            ult Handler
   73 00000010 00000000        DCD              MemManage_Handler ; -12 MPU Fau
                                                            lt Handler
   74 00000014 00000000        DCD              BusFault_Handler ; -11 Bus Faul
                                                            t Handler
   75 00000018 00000000        DCD              UsageFault_Handler ; -10 Usage 
                                                            Fault Handler
   76 0000001C 00000000        DCD              0           ;     Reserved
   77 00000020 00000000        DCD              0           ;     Reserved
   78 00000024 00000000        DCD              0           ;     Reserved
   79 00000028 00000000        DCD              0           ;     Reserved
   80 0000002C 00000000        DCD              SVC_Handler ;  -5 SVCall Handle
                                                            r
   81 00000030 00000000        DCD              DebugMon_Handler ;  -4 Debug Mo
                                                            nitor Handler
   82 00000034 00000000        DCD              0           ;     Reserved
   83 00000038 00000000        DCD              PendSV_Handler ;  -2 PendSV Han
                                                            dler
   84 0000003C 00000000        DCD              SysTick_Handler ;  -1 SysTick H
                                                            andler
   85 00000040         ; 16 ERROR HANDLERS WORK LIKE INTERRUPTS
   86 00000040         



ARM Macro Assembler    Page 3 


   87 00000040         ; Interrupts
   88 00000040 00000000        DCD              Interrupt0_Handler 
                                                            ;   0 Interrupt 0
   89 00000044 00000000        DCD              Interrupt1_Handler 
                                                            ;   1 Interrupt 1
   90 00000048 00000000        DCD              Interrupt2_Handler 
                                                            ;   2 Interrupt 2
   91 0000004C 00000000        DCD              PORTD_INTERRUPT_HANDLER 
                                                            ;   3 Interrupt 3
   92 00000050 00000000        DCD              Interrupt4_Handler 
                                                            ;   4 Interrupt 4
   93 00000054 00000000        DCD              Interrupt5_Handler 
                                                            ;   5 Interrupt 5
   94 00000058 00000000        DCD              Interrupt6_Handler 
                                                            ;   6 Interrupt 6
   95 0000005C 00000000        DCD              Interrupt7_Handler 
                                                            ;   7 Interrupt 7
   96 00000060 00000000        DCD              Interrupt8_Handler 
                                                            ;   8 Interrupt 8
   97 00000064 00000000        DCD              Interrupt9_Handler 
                                                            ;   9 Interrupt 9
   98 00000068 00000000        DCD              HardFault_Handler
   99 0000006C 00000000        DCD              HardFault_Handler
  100 00000070 00000000        DCD              HardFault_Handler
  101 00000074 00000000        DCD              INTERRUPT_HANDLER_0 ;  13 pve
  102 00000078 00000000        DCD              HardFault_Handler
  103 0000007C 00000000        DCD              HardFault_Handler
  104 00000080 00000000        DCD              HardFault_Handler
  105 00000084 00000000        DCD              HardFault_Handler
  106 00000088 00000000        DCD              HardFault_Handler
  107 0000008C 00000000        DCD              HardFault_Handler
  108 00000090         
  109 00000090         
  110 00000090 00000000        DCD              HardFault_Handler
  111 00000094 00000000        DCD              HardFault_Handler
  112 00000098 00000000        DCD              HardFault_Handler
  113 0000009C 00000000        DCD              HardFault_Handler
  114 000000A0 00000000        DCD              HardFault_Handler
  115 000000A4 00000000        DCD              HardFault_Handler
  116 000000A8 00000000        DCD              HardFault_Handler
  117 000000AC 00000000        DCD              HardFault_Handler
  118 000000B0 00000000        DCD              HardFault_Handler
  119 000000B4 00000000        DCD              HardFault_Handler
  120 000000B8         
  121 000000B8         
  122 000000B8 00000000        DCD              HardFault_Handler
  123 000000BC 00000000        DCD              HardFault_Handler
  124 000000C0 00000000        DCD              HardFault_Handler
  125 000000C4 00000000        DCD              HardFault_Handler
  126 000000C8 00000000        DCD              HardFault_Handler
  127 000000CC 00000000        DCD              HardFault_Handler
  128 000000D0 00000000        DCD              HardFault_Handler
  129 000000D4 00000000        DCD              HardFault_Handler
  130 000000D8 00000000        DCD              INTERRUPT_HANDLER_1 ; 38 pve
  131 000000DC 00000000        DCD              HardFault_Handler ;
  132 000000E0         
  133 000000E0 00 00 00 
              00 00 00 
              00 00 00 



ARM Macro Assembler    Page 4 


              00 00 00 
              00 00 00 
              00 00 00 
              00 00 00 
              00 00 00 
              00 00 00 
              00 00 00 
              00 00 00 
              00 00 00 
              00 00 00 
              00 00 00 
              00 00 00 
              00 00 00 
              00 00 00 
              00 00 00 
              00 00 00 
              00 00 00 
              00 00 00 
              00 00 00 
              00 00 00 
              00 00 00 
              00 00 00 
              00 00 00 
              00 00 00 
              00 00 00 
              00 00 00 
              00 00 00 
              00 00 00 
              00 00 00 
              00 00 00 
              00 00 00 
              00 00 00 
              00 00 00 
              00 00 00 
              00 00 00 
              00 00 00 
              00 00 00 
              00 00 00 
              00 00 00 
              00 00 00 
              00 00 00 
              00 00 00 
              00 00 00 
              00 00 00 
              00 00 00 
              00 00 00 
              00 00 00 
              00 00 00 
              00 00 00 
              00 00 00 
              00 00 00 
              00 00 00 
              00 00 00 
              00 00 00 
              00 00 00 
              00 00 00 
              00 00 00 
              00 00 00 
              00 00 00 



ARM Macro Assembler    Page 5 


              00 00 00 
              00 00 00 
              00 00 00 
              00 00 00 
              00 00 00 
              00 00 00 
              00 00 00 
              00 00 00 
              00 00 00 
              00 00 00 
              00 00 00 
              00 00 00 
              00 00 00 
              00 00 00 
              00 00 00 
              00 00 00 
              00 00 00 
              00 00 00 
              00 00 00 
              00 00 00 
              00 00 00 
              00 00 00 
              00 00 00 
              00 00 00 
              00 00 00 
              00 00 00 
              00 00 00 
              00 00 00 
              00 00 00 
              00 00 00 
              00 00 00 
              00 00 00 
              00 00 00 
              00 00 00 
              00 00 00 
              00 00 00 
              00 00 00 
              00 00 00 
              00 00 00 
              00 00 00 
              00 00 00 
              00 00 00 
              00 00 00 
              00 00 00 
              00 00 00 
              00 00 00 
              00 00 00 
              00 00 00 
              00 00 00 
              00 00 00 
              00 00 00 
              00 00 00 
              00 00 00 
              00 00 00 
              00 00 00 
              00 00 00 
              00 00 00 
              00 00 00 
              00 00 00 



ARM Macro Assembler    Page 6 


              00 00 00 
              00 00 00 
              00 00 00 
              00 00 00 
              00 00 00 
              00 00 00 
              00 00 00 
              00 00 00 
              00 00 00 
              00 00 00 
              00 00 00 
              00 00 00 
              00 00 00 
              00 00 00 
              00 00 00 
              00 00 00 
              00 00 00 
              00 00 00 
              00 00 00 
              00 00 00 
              00 00 00 
              00 00 00 
              00 00 00 
              00 00 00 
              00 00 00 
              00 00 00 
              00 00 00 
              00 00 00 
              00 00 00 
              00 00 00 
              00 00 00 
              00 00 00 
              00 00 00 
              00 00 00 
              00 00 00 
              00 00 00 
              00 00 00 
              00 00 00 
              00 00 00 
              00 00 00 
              00 00 00 
              00 00 00 
              00 00 00 
              00 00 00 
              00 00 00 
              00 00 00 
              00 00 00 
              00 00 00 
              00 00 00 
              00 00 00 
              00 00 00 
              00 00 00 
              00 00 00 
              00 00 00 
              00 00 00 
              00 00 00 
              00 00 00 
              00 00 00 
              00 00 00 



ARM Macro Assembler    Page 7 


              00 00 00 
              00 00 00 
              00 00 00 
              00 00 00 
              00 00 00 
              00 00 00 
              00 00 00 
              00 00 00 
              00 00 00 
              00 00 00 
              00 00 00 
              00 00 00 
              00 00 00 
              00 00 00 
              00 00 00 
              00 00 00 
              00 00 00 
              00 00 00 
              00 00 00 
              00 00 00 
              00 00 00 
              00 00 00 
              00 00 00 
              00 00 00 
              00 00 00 
              00 00 00 
              00 00 00 
              00 00 00 
              00 00 00 
              00 00 00 
              00 00 00 
              00 00 00 
              00 00 00 
              00 00 00 
              00 00 00 
              00 00 00 
              00 00 00 
              00 00 00 
              00 00 00 
              00 00 00 
              00 00 00 
              00 00 00 
              00 00 00 
              00 00 00 
              00 00 00 
              00 00 00 
              00 00 00 
              00 00 00 
              00 00 00 
              00 00 00 
              00 00 00 
              00 00 00 
              00 00 00 
              00 00 00 
              00 00 00 
              00 00 00 
              00 00 00 
              00 00 00 
              00 00 00 



ARM Macro Assembler    Page 8 


              00 00 00 
              00 00 00 
              00 00 00 
              00 00 00 
              00 00 00 
              00 00 00 
              00 00 00 
              00 00 00 
              00 00 00 
              00 00 00 
              00 00 00 
              00 00            SPACE            (188 * 4)   ; Interrupts 10 .. 
                                                            224 are left out
  134 000003D0         ;ORG 0x00000074
  135 000003D0         ;DCD INTERRUPT_HANDLER_0
  136 000003D0         ;ORG 0x000000D8
  137 000003D0         ;DCD INTERRUPT_HANDLE_1
  138 000003D0         ;ORG (224 * 4) + (16*4)
  139 000003D0         
  140 000003D0         
  141 000003D0         __Vectors_End
  142 000003D0 000003D0 
                       __Vectors_Size
                               EQU              __Vectors_End - __Vectors
  143 000003D0         
  144 000003D0         
  145 000003D0                 AREA             |.text|, CODE, READONLY
  146 00000000         
  147 00000000         ; Reset Handler
  148 00000000         
  149 00000000         Reset_Handler
                               PROC
  150 00000000                 EXPORT           Reset_Handler             [WEAK
]
  151 00000000                 IMPORT           SystemInit
  152 00000000                 IMPORT           __main
  153 00000000         
  154 00000000 480B            LDR              R0, =SystemInit
  155 00000002 4780            BLX              R0
  156 00000004 480B            LDR              R0, =__main
  157 00000006 4700            BX               R0
  158 00000008                 ENDP
  159 00000008         
  160 00000008         
  161 00000008         ; Macro to define default exception/interrupt handlers.
  162 00000008         ; Default handler are weak symbols with an endless loop.
                       
  163 00000008         ; They can be overwritten by real handlers.
  164 00000008                 MACRO
  165 00000008                 Set_Default_Handler
                                                $Handler_Name
  166 00000008         $Handler_Name
                               PROC
  167 00000008                 EXPORT           $Handler_Name             [WEAK
]
  168 00000008                 B                .
  169 00000008                 ENDP
  170 00000008                 MEND
  171 00000008         



ARM Macro Assembler    Page 9 


  172 00000008         
  173 00000008         ; Default exception/interrupt handler
  174 00000008         
  175 00000008                 Set_Default_Handler
                                                NMI_Handler
  166 00000008         NMI_Handler
                               PROC
  167 00000008                 EXPORT           NMI_Handler             [WEAK]
  168 00000008 E7FE            B                .
  169 0000000A                 ENDP
  176 0000000A                 Set_Default_Handler
                                                HardFault_Handler
  166 0000000A         HardFault_Handler
                               PROC
  167 0000000A                 EXPORT           HardFault_Handler             [
WEAK]
  168 0000000A E7FE            B                .
  169 0000000C                 ENDP
  177 0000000C                 Set_Default_Handler
                                                MemManage_Handler
  166 0000000C         MemManage_Handler
                               PROC
  167 0000000C                 EXPORT           MemManage_Handler             [
WEAK]
  168 0000000C E7FE            B                .
  169 0000000E                 ENDP
  178 0000000E                 Set_Default_Handler
                                                BusFault_Handler
  166 0000000E         BusFault_Handler
                               PROC
  167 0000000E                 EXPORT           BusFault_Handler             [W
EAK]
  168 0000000E E7FE            B                .
  169 00000010                 ENDP
  179 00000010                 Set_Default_Handler
                                                UsageFault_Handler
  166 00000010         UsageFault_Handler
                               PROC
  167 00000010                 EXPORT           UsageFault_Handler             
[WEAK]
  168 00000010 E7FE            B                .
  169 00000012                 ENDP
  180 00000012                 Set_Default_Handler
                                                SVC_Handler
  166 00000012         SVC_Handler
                               PROC
  167 00000012                 EXPORT           SVC_Handler             [WEAK]
  168 00000012 E7FE            B                .
  169 00000014                 ENDP
  181 00000014                 Set_Default_Handler
                                                DebugMon_Handler
  166 00000014         DebugMon_Handler
                               PROC
  167 00000014                 EXPORT           DebugMon_Handler             [W
EAK]
  168 00000014 E7FE            B                .
  169 00000016                 ENDP
  182 00000016                 Set_Default_Handler
                                                PendSV_Handler



ARM Macro Assembler    Page 10 


  166 00000016         PendSV_Handler
                               PROC
  167 00000016                 EXPORT           PendSV_Handler             [WEA
K]
  168 00000016 E7FE            B                .
  169 00000018                 ENDP
  183 00000018                 Set_Default_Handler
                                                SysTick_Handler
  166 00000018         SysTick_Handler
                               PROC
  167 00000018                 EXPORT           SysTick_Handler             [WE
AK]
  168 00000018 E7FE            B                .
  169 0000001A                 ENDP
  184 0000001A         
  185 0000001A                 Set_Default_Handler
                                                Interrupt0_Handler
  166 0000001A         Interrupt0_Handler
                               PROC
  167 0000001A                 EXPORT           Interrupt0_Handler             
[WEAK]
  168 0000001A E7FE            B                .
  169 0000001C                 ENDP
  186 0000001C                 Set_Default_Handler
                                                Interrupt1_Handler
  166 0000001C         Interrupt1_Handler
                               PROC
  167 0000001C                 EXPORT           Interrupt1_Handler             
[WEAK]
  168 0000001C E7FE            B                .
  169 0000001E                 ENDP
  187 0000001E                 Set_Default_Handler
                                                Interrupt2_Handler
  166 0000001E         Interrupt2_Handler
                               PROC
  167 0000001E                 EXPORT           Interrupt2_Handler             
[WEAK]
  168 0000001E E7FE            B                .
  169 00000020                 ENDP
  188 00000020                 Set_Default_Handler
                                                Interrupt3_Handler
  166 00000020         Interrupt3_Handler
                               PROC
  167 00000020                 EXPORT           Interrupt3_Handler             
[WEAK]
  168 00000020 E7FE            B                .
  169 00000022                 ENDP
  189 00000022                 Set_Default_Handler
                                                Interrupt4_Handler
  166 00000022         Interrupt4_Handler
                               PROC
  167 00000022                 EXPORT           Interrupt4_Handler             
[WEAK]
  168 00000022 E7FE            B                .
  169 00000024                 ENDP
  190 00000024                 Set_Default_Handler
                                                Interrupt5_Handler
  166 00000024         Interrupt5_Handler
                               PROC



ARM Macro Assembler    Page 11 


  167 00000024                 EXPORT           Interrupt5_Handler             
[WEAK]
  168 00000024 E7FE            B                .
  169 00000026                 ENDP
  191 00000026                 Set_Default_Handler
                                                Interrupt6_Handler
  166 00000026         Interrupt6_Handler
                               PROC
  167 00000026                 EXPORT           Interrupt6_Handler             
[WEAK]
  168 00000026 E7FE            B                .
  169 00000028                 ENDP
  192 00000028                 Set_Default_Handler
                                                Interrupt7_Handler
  166 00000028         Interrupt7_Handler
                               PROC
  167 00000028                 EXPORT           Interrupt7_Handler             
[WEAK]
  168 00000028 E7FE            B                .
  169 0000002A                 ENDP
  193 0000002A                 Set_Default_Handler
                                                Interrupt8_Handler
  166 0000002A         Interrupt8_Handler
                               PROC
  167 0000002A                 EXPORT           Interrupt8_Handler             
[WEAK]
  168 0000002A E7FE            B                .
  169 0000002C                 ENDP
  194 0000002C                 Set_Default_Handler
                                                Interrupt9_Handler
  166 0000002C         Interrupt9_Handler
                               PROC
  167 0000002C                 EXPORT           Interrupt9_Handler             
[WEAK]
  168 0000002C E7FE            B                .
  169 0000002E                 ENDP
  195 0000002E         
  196 0000002E 00 00           ALIGN
  197 00000030         
  198 00000030         
  199 00000030         ; User setup Stack & Heap
  200 00000030         
  201 00000030                 IF               :LNOT::DEF:__MICROLIB
  203                          ENDIF
  204 00000030         
  205 00000030                 EXPORT           __stack_limit
  206 00000030                 EXPORT           __initial_sp
  207 00000030                 IF               Heap_Size != 0 
                                                            ; Heap is provided
  208 00000030                 EXPORT           __heap_base
  209 00000030                 EXPORT           __heap_limit
  210 00000030                 ENDIF
  211 00000030         
  212 00000030                 END
              00000000 
              00000000 
Command Line: --debug --xref --diag_suppress=9931 --cpu=Cortex-M3 --apcs=interw
ork --depend=.\objects\startup_armcm3.d -o.\objects\startup_armcm3.o -I.\RTE\_T
arget_1 -IC:\Users\Yakov\AppData\Local\Arm\Packs\ARM\CMSIS\5.5.1\CMSIS\Core\Inc



ARM Macro Assembler    Page 12 


lude -IC:\Users\Yakov\AppData\Local\Arm\Packs\ARM\CMSIS\5.5.1\Device\ARM\ARMCM3
\Include --predefine="__EVAL SETA 1" --predefine="__MICROLIB SETA 1" --predefin
e="__UVISION_VERSION SETA 528" --predefine="_RTE_ SETA 1" --predefine="ARMCM3 S
ETA 1" --list=.\listings\startup_armcm3.lst RTE\Device\ARMCM3\startup_ARMCM3.s



ARM Macro Assembler    Page 1 Alphabetic symbol ordering
Relocatable symbols

STACK 00000000

Symbol: STACK
   Definitions
      At line 35 in file RTE\Device\ARMCM3\startup_ARMCM3.s
   Uses
      None
Comment: STACK unused
Stack_Mem 00000000

Symbol: Stack_Mem
   Definitions
      At line 37 in file RTE\Device\ARMCM3\startup_ARMCM3.s
   Uses
      None
Comment: Stack_Mem unused
__initial_sp 00000400

Symbol: __initial_sp
   Definitions
      At line 38 in file RTE\Device\ARMCM3\startup_ARMCM3.s
   Uses
      At line 69 in file RTE\Device\ARMCM3\startup_ARMCM3.s
      At line 206 in file RTE\Device\ARMCM3\startup_ARMCM3.s

__stack_limit 00000000

Symbol: __stack_limit
   Definitions
      At line 36 in file RTE\Device\ARMCM3\startup_ARMCM3.s
   Uses
      At line 205 in file RTE\Device\ARMCM3\startup_ARMCM3.s
Comment: __stack_limit used once
4 symbols



ARM Macro Assembler    Page 1 Alphabetic symbol ordering
Relocatable symbols

HEAP 00000000

Symbol: HEAP
   Definitions
      At line 48 in file RTE\Device\ARMCM3\startup_ARMCM3.s
   Uses
      None
Comment: HEAP unused
Heap_Mem 00000000

Symbol: Heap_Mem
   Definitions
      At line 50 in file RTE\Device\ARMCM3\startup_ARMCM3.s
   Uses
      None
Comment: Heap_Mem unused
__heap_base 00000000

Symbol: __heap_base
   Definitions
      At line 49 in file RTE\Device\ARMCM3\startup_ARMCM3.s
   Uses
      At line 208 in file RTE\Device\ARMCM3\startup_ARMCM3.s
Comment: __heap_base used once
__heap_limit 00000C00

Symbol: __heap_limit
   Definitions
      At line 51 in file RTE\Device\ARMCM3\startup_ARMCM3.s
   Uses
      At line 209 in file RTE\Device\ARMCM3\startup_ARMCM3.s
Comment: __heap_limit used once
4 symbols



ARM Macro Assembler    Page 1 Alphabetic symbol ordering
Relocatable symbols

RESET 00000000

Symbol: RESET
   Definitions
      At line 61 in file RTE\Device\ARMCM3\startup_ARMCM3.s
   Uses
      None
Comment: RESET unused
__Vectors 00000000

Symbol: __Vectors
   Definitions
      At line 69 in file RTE\Device\ARMCM3\startup_ARMCM3.s
   Uses
      At line 62 in file RTE\Device\ARMCM3\startup_ARMCM3.s
      At line 142 in file RTE\Device\ARMCM3\startup_ARMCM3.s

__Vectors_End 000003D0

Symbol: __Vectors_End
   Definitions
      At line 141 in file RTE\Device\ARMCM3\startup_ARMCM3.s
   Uses
      At line 63 in file RTE\Device\ARMCM3\startup_ARMCM3.s
      At line 142 in file RTE\Device\ARMCM3\startup_ARMCM3.s

3 symbols



ARM Macro Assembler    Page 1 Alphabetic symbol ordering
Relocatable symbols

.text 00000000

Symbol: .text
   Definitions
      At line 145 in file RTE\Device\ARMCM3\startup_ARMCM3.s
   Uses
      None
Comment: .text unused
BusFault_Handler 0000000E

Symbol: BusFault_Handler
   Definitions
      At line 166 in macro Set_Default_Handler
      at line 178 in file RTE\Device\ARMCM3\startup_ARMCM3.s
   Uses
      At line 74 in file RTE\Device\ARMCM3\startup_ARMCM3.s
      At line 167 in macro Set_Default_Handler
      at line 178 in file RTE\Device\ARMCM3\startup_ARMCM3.s

DebugMon_Handler 00000014

Symbol: DebugMon_Handler
   Definitions
      At line 166 in macro Set_Default_Handler
      at line 181 in file RTE\Device\ARMCM3\startup_ARMCM3.s
   Uses
      At line 81 in file RTE\Device\ARMCM3\startup_ARMCM3.s
      At line 167 in macro Set_Default_Handler
      at line 181 in file RTE\Device\ARMCM3\startup_ARMCM3.s

HardFault_Handler 0000000A

Symbol: HardFault_Handler
   Definitions
      At line 166 in macro Set_Default_Handler
      at line 176 in file RTE\Device\ARMCM3\startup_ARMCM3.s
   Uses
      At line 72 in file RTE\Device\ARMCM3\startup_ARMCM3.s
      At line 98 in file RTE\Device\ARMCM3\startup_ARMCM3.s
      At line 99 in file RTE\Device\ARMCM3\startup_ARMCM3.s
      At line 100 in file RTE\Device\ARMCM3\startup_ARMCM3.s
      At line 102 in file RTE\Device\ARMCM3\startup_ARMCM3.s
      At line 103 in file RTE\Device\ARMCM3\startup_ARMCM3.s
      At line 104 in file RTE\Device\ARMCM3\startup_ARMCM3.s
      At line 105 in file RTE\Device\ARMCM3\startup_ARMCM3.s
      At line 106 in file RTE\Device\ARMCM3\startup_ARMCM3.s
      At line 107 in file RTE\Device\ARMCM3\startup_ARMCM3.s
      At line 110 in file RTE\Device\ARMCM3\startup_ARMCM3.s
      At line 111 in file RTE\Device\ARMCM3\startup_ARMCM3.s
      At line 112 in file RTE\Device\ARMCM3\startup_ARMCM3.s
      At line 113 in file RTE\Device\ARMCM3\startup_ARMCM3.s
      At line 114 in file RTE\Device\ARMCM3\startup_ARMCM3.s
      At line 115 in file RTE\Device\ARMCM3\startup_ARMCM3.s
      At line 116 in file RTE\Device\ARMCM3\startup_ARMCM3.s
      At line 117 in file RTE\Device\ARMCM3\startup_ARMCM3.s
      At line 118 in file RTE\Device\ARMCM3\startup_ARMCM3.s
      At line 119 in file RTE\Device\ARMCM3\startup_ARMCM3.s
      At line 122 in file RTE\Device\ARMCM3\startup_ARMCM3.s
      At line 123 in file RTE\Device\ARMCM3\startup_ARMCM3.s



ARM Macro Assembler    Page 2 Alphabetic symbol ordering
Relocatable symbols

      At line 124 in file RTE\Device\ARMCM3\startup_ARMCM3.s
      At line 125 in file RTE\Device\ARMCM3\startup_ARMCM3.s
      At line 126 in file RTE\Device\ARMCM3\startup_ARMCM3.s
      At line 127 in file RTE\Device\ARMCM3\startup_ARMCM3.s
      At line 128 in file RTE\Device\ARMCM3\startup_ARMCM3.s
      At line 129 in file RTE\Device\ARMCM3\startup_ARMCM3.s
      At line 131 in file RTE\Device\ARMCM3\startup_ARMCM3.s
      At line 167 in macro Set_Default_Handler
      at line 176 in file RTE\Device\ARMCM3\startup_ARMCM3.s

Interrupt0_Handler 0000001A

Symbol: Interrupt0_Handler
   Definitions
      At line 166 in macro Set_Default_Handler
      at line 185 in file RTE\Device\ARMCM3\startup_ARMCM3.s
   Uses
      At line 88 in file RTE\Device\ARMCM3\startup_ARMCM3.s
      At line 167 in macro Set_Default_Handler
      at line 185 in file RTE\Device\ARMCM3\startup_ARMCM3.s

Interrupt1_Handler 0000001C

Symbol: Interrupt1_Handler
   Definitions
      At line 166 in macro Set_Default_Handler
      at line 186 in file RTE\Device\ARMCM3\startup_ARMCM3.s
   Uses
      At line 89 in file RTE\Device\ARMCM3\startup_ARMCM3.s
      At line 167 in macro Set_Default_Handler
      at line 186 in file RTE\Device\ARMCM3\startup_ARMCM3.s

Interrupt2_Handler 0000001E

Symbol: Interrupt2_Handler
   Definitions
      At line 166 in macro Set_Default_Handler
      at line 187 in file RTE\Device\ARMCM3\startup_ARMCM3.s
   Uses
      At line 90 in file RTE\Device\ARMCM3\startup_ARMCM3.s
      At line 167 in macro Set_Default_Handler
      at line 187 in file RTE\Device\ARMCM3\startup_ARMCM3.s

Interrupt3_Handler 00000020

Symbol: Interrupt3_Handler
   Definitions
      At line 166 in macro Set_Default_Handler
      at line 188 in file RTE\Device\ARMCM3\startup_ARMCM3.s
   Uses
      At line 167 in macro Set_Default_Handler
      at line 188 in file RTE\Device\ARMCM3\startup_ARMCM3.s
Comment: Interrupt3_Handler used once
Interrupt4_Handler 00000022

Symbol: Interrupt4_Handler
   Definitions
      At line 166 in macro Set_Default_Handler
      at line 189 in file RTE\Device\ARMCM3\startup_ARMCM3.s



ARM Macro Assembler    Page 3 Alphabetic symbol ordering
Relocatable symbols

   Uses
      At line 92 in file RTE\Device\ARMCM3\startup_ARMCM3.s
      At line 167 in macro Set_Default_Handler
      at line 189 in file RTE\Device\ARMCM3\startup_ARMCM3.s

Interrupt5_Handler 00000024

Symbol: Interrupt5_Handler
   Definitions
      At line 166 in macro Set_Default_Handler
      at line 190 in file RTE\Device\ARMCM3\startup_ARMCM3.s
   Uses
      At line 93 in file RTE\Device\ARMCM3\startup_ARMCM3.s
      At line 167 in macro Set_Default_Handler
      at line 190 in file RTE\Device\ARMCM3\startup_ARMCM3.s

Interrupt6_Handler 00000026

Symbol: Interrupt6_Handler
   Definitions
      At line 166 in macro Set_Default_Handler
      at line 191 in file RTE\Device\ARMCM3\startup_ARMCM3.s
   Uses
      At line 94 in file RTE\Device\ARMCM3\startup_ARMCM3.s
      At line 167 in macro Set_Default_Handler
      at line 191 in file RTE\Device\ARMCM3\startup_ARMCM3.s

Interrupt7_Handler 00000028

Symbol: Interrupt7_Handler
   Definitions
      At line 166 in macro Set_Default_Handler
      at line 192 in file RTE\Device\ARMCM3\startup_ARMCM3.s
   Uses
      At line 95 in file RTE\Device\ARMCM3\startup_ARMCM3.s
      At line 167 in macro Set_Default_Handler
      at line 192 in file RTE\Device\ARMCM3\startup_ARMCM3.s

Interrupt8_Handler 0000002A

Symbol: Interrupt8_Handler
   Definitions
      At line 166 in macro Set_Default_Handler
      at line 193 in file RTE\Device\ARMCM3\startup_ARMCM3.s
   Uses
      At line 96 in file RTE\Device\ARMCM3\startup_ARMCM3.s
      At line 167 in macro Set_Default_Handler
      at line 193 in file RTE\Device\ARMCM3\startup_ARMCM3.s

Interrupt9_Handler 0000002C

Symbol: Interrupt9_Handler
   Definitions
      At line 166 in macro Set_Default_Handler
      at line 194 in file RTE\Device\ARMCM3\startup_ARMCM3.s
   Uses
      At line 97 in file RTE\Device\ARMCM3\startup_ARMCM3.s
      At line 167 in macro Set_Default_Handler
      at line 194 in file RTE\Device\ARMCM3\startup_ARMCM3.s



ARM Macro Assembler    Page 4 Alphabetic symbol ordering
Relocatable symbols


MemManage_Handler 0000000C

Symbol: MemManage_Handler
   Definitions
      At line 166 in macro Set_Default_Handler
      at line 177 in file RTE\Device\ARMCM3\startup_ARMCM3.s
   Uses
      At line 73 in file RTE\Device\ARMCM3\startup_ARMCM3.s
      At line 167 in macro Set_Default_Handler
      at line 177 in file RTE\Device\ARMCM3\startup_ARMCM3.s

NMI_Handler 00000008

Symbol: NMI_Handler
   Definitions
      At line 166 in macro Set_Default_Handler
      at line 175 in file RTE\Device\ARMCM3\startup_ARMCM3.s
   Uses
      At line 71 in file RTE\Device\ARMCM3\startup_ARMCM3.s
      At line 167 in macro Set_Default_Handler
      at line 175 in file RTE\Device\ARMCM3\startup_ARMCM3.s

PendSV_Handler 00000016

Symbol: PendSV_Handler
   Definitions
      At line 166 in macro Set_Default_Handler
      at line 182 in file RTE\Device\ARMCM3\startup_ARMCM3.s
   Uses
      At line 83 in file RTE\Device\ARMCM3\startup_ARMCM3.s
      At line 167 in macro Set_Default_Handler
      at line 182 in file RTE\Device\ARMCM3\startup_ARMCM3.s

Reset_Handler 00000000

Symbol: Reset_Handler
   Definitions
      At line 149 in file RTE\Device\ARMCM3\startup_ARMCM3.s
   Uses
      At line 70 in file RTE\Device\ARMCM3\startup_ARMCM3.s
      At line 150 in file RTE\Device\ARMCM3\startup_ARMCM3.s

SVC_Handler 00000012

Symbol: SVC_Handler
   Definitions
      At line 166 in macro Set_Default_Handler
      at line 180 in file RTE\Device\ARMCM3\startup_ARMCM3.s
   Uses
      At line 80 in file RTE\Device\ARMCM3\startup_ARMCM3.s
      At line 167 in macro Set_Default_Handler
      at line 180 in file RTE\Device\ARMCM3\startup_ARMCM3.s

SysTick_Handler 00000018

Symbol: SysTick_Handler
   Definitions
      At line 166 in macro Set_Default_Handler



ARM Macro Assembler    Page 5 Alphabetic symbol ordering
Relocatable symbols

      at line 183 in file RTE\Device\ARMCM3\startup_ARMCM3.s
   Uses
      At line 84 in file RTE\Device\ARMCM3\startup_ARMCM3.s
      At line 167 in macro Set_Default_Handler
      at line 183 in file RTE\Device\ARMCM3\startup_ARMCM3.s

UsageFault_Handler 00000010

Symbol: UsageFault_Handler
   Definitions
      At line 166 in macro Set_Default_Handler
      at line 179 in file RTE\Device\ARMCM3\startup_ARMCM3.s
   Uses
      At line 75 in file RTE\Device\ARMCM3\startup_ARMCM3.s
      At line 167 in macro Set_Default_Handler
      at line 179 in file RTE\Device\ARMCM3\startup_ARMCM3.s

21 symbols



ARM Macro Assembler    Page 1 Alphabetic symbol ordering
Absolute symbols

Heap_Size 00000C00

Symbol: Heap_Size
   Definitions
      At line 45 in file RTE\Device\ARMCM3\startup_ARMCM3.s
   Uses
      At line 47 in file RTE\Device\ARMCM3\startup_ARMCM3.s
      At line 50 in file RTE\Device\ARMCM3\startup_ARMCM3.s
      At line 207 in file RTE\Device\ARMCM3\startup_ARMCM3.s

Stack_Size 00000400

Symbol: Stack_Size
   Definitions
      At line 33 in file RTE\Device\ARMCM3\startup_ARMCM3.s
   Uses
      At line 37 in file RTE\Device\ARMCM3\startup_ARMCM3.s
Comment: Stack_Size used once
__Vectors_Size 000003D0

Symbol: __Vectors_Size
   Definitions
      At line 142 in file RTE\Device\ARMCM3\startup_ARMCM3.s
   Uses
      At line 64 in file RTE\Device\ARMCM3\startup_ARMCM3.s
Comment: __Vectors_Size used once
3 symbols



ARM Macro Assembler    Page 1 Alphabetic symbol ordering
External symbols

INTERRUPT_HANDLER_0 00000000

Symbol: INTERRUPT_HANDLER_0
   Definitions
      At line 65 in file RTE\Device\ARMCM3\startup_ARMCM3.s
   Uses
      At line 101 in file RTE\Device\ARMCM3\startup_ARMCM3.s
Comment: INTERRUPT_HANDLER_0 used once
INTERRUPT_HANDLER_1 00000000

Symbol: INTERRUPT_HANDLER_1
   Definitions
      At line 66 in file RTE\Device\ARMCM3\startup_ARMCM3.s
   Uses
      At line 130 in file RTE\Device\ARMCM3\startup_ARMCM3.s
Comment: INTERRUPT_HANDLER_1 used once
PORTD_INTERRUPT_HANDLER 00000000

Symbol: PORTD_INTERRUPT_HANDLER
   Definitions
      At line 67 in file RTE\Device\ARMCM3\startup_ARMCM3.s
   Uses
      At line 91 in file RTE\Device\ARMCM3\startup_ARMCM3.s
Comment: PORTD_INTERRUPT_HANDLER used once
SystemInit 00000000

Symbol: SystemInit
   Definitions
      At line 151 in file RTE\Device\ARMCM3\startup_ARMCM3.s
   Uses
      At line 154 in file RTE\Device\ARMCM3\startup_ARMCM3.s
Comment: SystemInit used once
__main 00000000

Symbol: __main
   Definitions
      At line 152 in file RTE\Device\ARMCM3\startup_ARMCM3.s
   Uses
      At line 156 in file RTE\Device\ARMCM3\startup_ARMCM3.s
Comment: __main used once
5 symbols
377 symbols in table
